  imgui.cpp
  imgui_demo.cpp
  imgui_draw.cpp
  imgui_widgets.cpp
  imgui_sdl.cpp
  Button.cpp
C:\Users\skate\Desktop\F1-Corona-Edition\include\IMGUI_SDL\imgui_sdl.cpp(3,10): fatal error C1083: Cannot open include file: 'SDL.h': No such file or directory
  Cloud.cpp
C:\Users\skate\Desktop\F1-Corona-Edition\src\GameObject.h(5,10): fatal error C1083: Cannot open include file: 'glm\vec2.hpp': No such file or directory
  CollisionManager.cpp
C:\Users\skate\Desktop\F1-Corona-Edition\src\GameObject.h(5,10): fatal error C1083: Cannot open include file: 'glm\vec2.hpp': No such file or directory
  DisplayObject.cpp
C:\Users\skate\Desktop\F1-Corona-Edition\src\GameObject.h(5,10): fatal error C1083: Cannot open include file: 'glm\vec2.hpp': No such file or directory
  EndScene.cpp
C:\Users\skate\Desktop\F1-Corona-Edition\src\GameObject.h(5,10): fatal error C1083: Cannot open include file: 'glm\vec2.hpp': No such file or directory
  FontManager.cpp
C:\Users\skate\Desktop\F1-Corona-Edition\src\GameObject.h(5,10): fatal error C1083: Cannot open include file: 'glm\vec2.hpp': No such file or directory
  Game.cpp
C:\Users\skate\Desktop\F1-Corona-Edition\src\FontManager.h(10,10): fatal error C1083: Cannot open include file: 'glm\vec2.hpp': No such file or directory
  GameObject.cpp
C:\Users\skate\Desktop\F1-Corona-Edition\src\Game.h(10,10): fatal error C1083: Cannot open include file: 'SDL.h': No such file or directory
  Island.cpp
C:\Users\skate\Desktop\F1-Corona-Edition\src\GameObject.h(5,10): fatal error C1083: Cannot open include file: 'glm\vec2.hpp': No such file or directory
  Label.cpp
C:\Users\skate\Desktop\F1-Corona-Edition\src\GameObject.h(5,10): fatal error C1083: Cannot open include file: 'glm\vec2.hpp': No such file or directory
  Level1Scene.cpp
C:\Users\skate\Desktop\F1-Corona-Edition\src\GameObject.h(5,10): fatal error C1083: Cannot open include file: 'glm\vec2.hpp': No such file or directory
  main.cpp
C:\Users\skate\Desktop\F1-Corona-Edition\src\GameObject.h(5,10): fatal error C1083: Cannot open include file: 'glm\vec2.hpp': No such file or directory
  Ocean.cpp
C:\Users\skate\Desktop\F1-Corona-Edition\src\main.cpp(16,10): fatal error C1083: Cannot open include file: 'GLEW\glew.h': No such file or directory
  Plane.cpp
C:\Users\skate\Desktop\F1-Corona-Edition\src\GameObject.h(5,10): fatal error C1083: Cannot open include file: 'glm\vec2.hpp': No such file or directory
  PlayScene.cpp
  Generating Code...
  Compiling...
  RestartButton.cpp
C:\Users\skate\Desktop\F1-Corona-Edition\src\GameObject.h(5,10): fatal error C1083: Cannot open include file: 'glm\vec2.hpp': No such file or directory
  Scene.cpp
C:\Users\skate\Desktop\F1-Corona-Edition\src\GameObject.h(5,10): fatal error C1083: Cannot open include file: 'glm\vec2.hpp': No such file or directory
  ScoreBoardManager.cpp
C:\Users\skate\Desktop\F1-Corona-Edition\src\GameObject.h(5,10): fatal error C1083: Cannot open include file: 'glm\vec2.hpp': No such file or directory
  SoundManager.cpp
C:\Users\skate\Desktop\F1-Corona-Edition\src\GameObject.h(5,10): fatal error C1083: Cannot open include file: 'glm\vec2.hpp': No such file or directory
  StartButton.cpp
C:\Users\skate\Desktop\F1-Corona-Edition\src\SoundManager.h(10,10): fatal error C1083: Cannot open include file: 'SDL_mixer.h': No such file or directory
  StartScene.cpp
C:\Users\skate\Desktop\F1-Corona-Edition\src\GameObject.h(5,10): fatal error C1083: Cannot open include file: 'glm\vec2.hpp': No such file or directory
  TextureManager.cpp
C:\Users\skate\Desktop\F1-Corona-Edition\src\GameObject.h(5,10): fatal error C1083: Cannot open include file: 'glm\vec2.hpp': No such file or directory
  Util.cpp
C:\Users\skate\Desktop\F1-Corona-Edition\src\TextureManager.h(11,10): fatal error C1083: Cannot open include file: 'glm\vec2.hpp': No such file or directory
  Generating Code...
C:\Users\skate\Desktop\F1-Corona-Edition\src\Util.h(5,10): fatal error C1083: Cannot open include file: 'GLM/vec2.hpp': No such file or directory
